
===========================================================================
report_checks -path_delay min (Hold)
============================================================================
======================= min_ss_100C_1v60 Corner ===================================

Startpoint: operand_b[2] (input port clocked by clk)
Endpoint: result[2] (output port clocked by clk)
Path Group: clk
Path Type: min

Fanout         Cap        Slew       Delay        Time   Description
---------------------------------------------------------------------------------------------
                      0.000000    0.000000    0.000000   clock clk (rise edge)
                                  0.000000    0.000000   clock network delay (ideal)
                                  2.000000    2.000000 ^ input external delay
     1    0.002338    0.029209    0.013338    2.013338 ^ operand_b[2] (in)
                                                         operand_b[2] (net)
                      0.029209    0.000000    2.013338 ^ input12/A (sky130_fd_sc_hd__buf_2)
     5    0.037365    0.295111    0.340614    2.353951 ^ input12/X (sky130_fd_sc_hd__buf_2)
                                                         net12 (net)
                      0.295212    0.001819    2.355771 ^ _121_/A2 (sky130_fd_sc_hd__o21ai_1)
     1    0.004471    0.108192    0.210265    2.566036 v _121_/Y (sky130_fd_sc_hd__o21ai_1)
                                                         _052_ (net)
                      0.108192    0.000019    2.566055 v _124_/A (sky130_fd_sc_hd__nand3_2)
     3    0.026957    0.233905    0.235464    2.801519 ^ _124_/Y (sky130_fd_sc_hd__nand3_2)
                                                         net17 (net)
                      0.233909    0.000799    2.802318 ^ output17/A (sky130_fd_sc_hd__buf_2)
     1    0.034031    0.270629    0.418495    3.220813 ^ output17/X (sky130_fd_sc_hd__buf_2)
                                                         result[2] (net)
                      0.270629    0.000242    3.221056 ^ result[2] (out)
                                              3.221056   data arrival time

                      0.000000    0.000000    0.000000   clock clk (rise edge)
                                  0.000000    0.000000   clock network delay (ideal)
                                  0.250000    0.250000   clock uncertainty
                                  0.000000    0.250000   clock reconvergence pessimism
                                 -2.000000   -1.750000   output external delay
                                             -1.750000   data required time
---------------------------------------------------------------------------------------------
                                             -1.750000   data required time
                                             -3.221056   data arrival time
---------------------------------------------------------------------------------------------
                                              4.971056   slack (MET)


Startpoint: operand_b[2] (input port clocked by clk)
Endpoint: zero (output port clocked by clk)
Path Group: clk
Path Type: min

Fanout         Cap        Slew       Delay        Time   Description
---------------------------------------------------------------------------------------------
                      0.000000    0.000000    0.000000   clock clk (rise edge)
                                  0.000000    0.000000   clock network delay (ideal)
                                  2.000000    2.000000 ^ input external delay
     1    0.002338    0.029209    0.013338    2.013338 ^ operand_b[2] (in)
                                                         operand_b[2] (net)
                      0.029209    0.000000    2.013338 ^ input12/A (sky130_fd_sc_hd__buf_2)
     5    0.037365    0.295111    0.340614    2.353951 ^ input12/X (sky130_fd_sc_hd__buf_2)
                                                         net12 (net)
                      0.295212    0.001819    2.355771 ^ _121_/A2 (sky130_fd_sc_hd__o21ai_1)
     1    0.004471    0.108192    0.210265    2.566036 v _121_/Y (sky130_fd_sc_hd__o21ai_1)
                                                         _052_ (net)
                      0.108192    0.000019    2.566055 v _124_/A (sky130_fd_sc_hd__nand3_2)
     3    0.026957    0.233905    0.235464    2.801519 ^ _124_/Y (sky130_fd_sc_hd__nand3_2)
                                                         net17 (net)
                      0.233909    0.000818    2.802338 ^ _135_/C (sky130_fd_sc_hd__nor4_1)
     1    0.002750    0.066206    0.151819    2.954157 v _135_/Y (sky130_fd_sc_hd__nor4_1)
                                                         net19 (net)
                      0.066206    0.000020    2.954177 v output19/A (sky130_fd_sc_hd__buf_2)
     1    0.034027    0.164835    0.342381    3.296558 v output19/X (sky130_fd_sc_hd__buf_2)
                                                         zero (net)
                      0.164835    0.000201    3.296759 v zero (out)
                                              3.296759   data arrival time

                      0.000000    0.000000    0.000000   clock clk (rise edge)
                                  0.000000    0.000000   clock network delay (ideal)
                                  0.250000    0.250000   clock uncertainty
                                  0.000000    0.250000   clock reconvergence pessimism
                                 -2.000000   -1.750000   output external delay
                                             -1.750000   data required time
---------------------------------------------------------------------------------------------
                                             -1.750000   data required time
                                             -3.296759   data arrival time
---------------------------------------------------------------------------------------------
                                              5.046759   slack (MET)


Startpoint: operand_a[3] (input port clocked by clk)
Endpoint: carry_out (output port clocked by clk)
Path Group: clk
Path Type: min

Fanout         Cap        Slew       Delay        Time   Description
---------------------------------------------------------------------------------------------
                      0.000000    0.000000    0.000000   clock clk (rise edge)
                                  0.000000    0.000000   clock network delay (ideal)
                                  2.000000    2.000000 v input external delay
     1    0.002924    0.018934    0.009611    2.009611 v operand_a[3] (in)
                                                         operand_a[3] (net)
                      0.018934    0.000000    2.009611 v input9/A (sky130_fd_sc_hd__buf_1)
     4    0.014703    0.174474    0.236206    2.245816 v input9/X (sky130_fd_sc_hd__buf_1)
                                                         net9 (net)
                      0.174474    0.000562    2.246378 v _072_/A (sky130_fd_sc_hd__nand2_1)
     3    0.009163    0.152035    0.202145    2.448523 ^ _072_/Y (sky130_fd_sc_hd__nand2_1)
                                                         _005_ (net)
                      0.152035    0.000147    2.448670 ^ _136_/A1 (sky130_fd_sc_hd__a31o_1)
     1    0.003590    0.081763    0.307115    2.755785 ^ _136_/X (sky130_fd_sc_hd__a31o_1)
                                                         _064_ (net)
                      0.081763    0.000052    2.755837 ^ _139_/B1 (sky130_fd_sc_hd__o21ai_1)
     1    0.006923    0.127731    0.174370    2.930207 v _139_/Y (sky130_fd_sc_hd__o21ai_1)
                                                         net14 (net)
                      0.127731    0.000214    2.930422 v output14/A (sky130_fd_sc_hd__buf_2)
     1    0.034503    0.166786    0.373104    3.303525 v output14/X (sky130_fd_sc_hd__buf_2)
                                                         carry_out (net)
                      0.166786    0.000424    3.303949 v carry_out (out)
                                              3.303949   data arrival time

                      0.000000    0.000000    0.000000   clock clk (rise edge)
                                  0.000000    0.000000   clock network delay (ideal)
                                  0.250000    0.250000   clock uncertainty
                                  0.000000    0.250000   clock reconvergence pessimism
                                 -2.000000   -1.750000   output external delay
                                             -1.750000   data required time
---------------------------------------------------------------------------------------------
                                             -1.750000   data required time
                                             -3.303949   data arrival time
---------------------------------------------------------------------------------------------
                                              5.053949   slack (MET)


Startpoint: alu_op[1] (input port clocked by clk)
Endpoint: result[0] (output port clocked by clk)
Path Group: clk
Path Type: min

Fanout         Cap        Slew       Delay        Time   Description
---------------------------------------------------------------------------------------------
                      0.000000    0.000000    0.000000   clock clk (rise edge)
                                  0.000000    0.000000   clock network delay (ideal)
                                  2.000000    2.000000 ^ input external delay
     1    0.003252    0.035255    0.018161    2.018161 ^ alu_op[1] (in)
                                                         alu_op[1] (net)
                      0.035255    0.000000    2.018161 ^ input2/A (sky130_fd_sc_hd__clkbuf_2)
     8    0.025098    0.220547    0.285057    2.303218 ^ input2/X (sky130_fd_sc_hd__clkbuf_2)
                                                         net2 (net)
                      0.220549    0.001194    2.304411 ^ _099_/A1 (sky130_fd_sc_hd__a32o_1)
     1    0.003748    0.104323    0.380001    2.684412 ^ _099_/X (sky130_fd_sc_hd__a32o_1)
                                                         _032_ (net)
                      0.104323    0.000058    2.684470 ^ _100_/A (sky130_fd_sc_hd__or3b_1)
     2    0.011493    0.178953    0.276590    2.961061 ^ _100_/X (sky130_fd_sc_hd__or3b_1)
                                                         net15 (net)
                      0.178953    0.000406    2.961467 ^ output15/A (sky130_fd_sc_hd__buf_2)
     1    0.033963    0.269973    0.393227    3.354694 ^ output15/X (sky130_fd_sc_hd__buf_2)
                                                         result[0] (net)
                      0.269973    0.000183    3.354877 ^ result[0] (out)
                                              3.354877   data arrival time

                      0.000000    0.000000    0.000000   clock clk (rise edge)
                                  0.000000    0.000000   clock network delay (ideal)
                                  0.250000    0.250000   clock uncertainty
                                  0.000000    0.250000   clock reconvergence pessimism
                                 -2.000000   -1.750000   output external delay
                                             -1.750000   data required time
---------------------------------------------------------------------------------------------
                                             -1.750000   data required time
                                             -3.354877   data arrival time
---------------------------------------------------------------------------------------------
                                              5.104877   slack (MET)


Startpoint: alu_op[3] (input port clocked by clk)
Endpoint: result[3] (output port clocked by clk)
Path Group: clk
Path Type: min

Fanout         Cap        Slew       Delay        Time   Description
---------------------------------------------------------------------------------------------
                      0.000000    0.000000    0.000000   clock clk (rise edge)
                                  0.000000    0.000000   clock network delay (ideal)
                                  2.000000    2.000000 ^ input external delay
     1    0.003253    0.035264    0.018168    2.018168 ^ alu_op[3] (in)
                                                         alu_op[3] (net)
                      0.035264    0.000000    2.018168 ^ input4/A (sky130_fd_sc_hd__clkbuf_2)
     9    0.027577    0.240659    0.299042    2.317210 ^ input4/X (sky130_fd_sc_hd__clkbuf_2)
                                                         net4 (net)
                      0.240745    0.001408    2.318618 ^ _106_/A (sky130_fd_sc_hd__or3b_2)
     4    0.022591    0.209171    0.388036    2.706654 ^ _106_/X (sky130_fd_sc_hd__or3b_2)
                                                         _038_ (net)
                      0.209171    0.000565    2.707219 ^ _134_/A1 (sky130_fd_sc_hd__o21bai_2)
     2    0.021538    0.209014    0.305060    3.012279 v _134_/Y (sky130_fd_sc_hd__o21bai_2)
                                                         net18 (net)
                      0.209014    0.000498    3.012777 v output18/A (sky130_fd_sc_hd__buf_2)
     1    0.034503    0.166896    0.412300    3.425077 v output18/X (sky130_fd_sc_hd__buf_2)
                                                         result[3] (net)
                      0.166896    0.000424    3.425501 v result[3] (out)
                                              3.425501   data arrival time

                      0.000000    0.000000    0.000000   clock clk (rise edge)
                                  0.000000    0.000000   clock network delay (ideal)
                                  0.250000    0.250000   clock uncertainty
                                  0.000000    0.250000   clock reconvergence pessimism
                                 -2.000000   -1.750000   output external delay
                                             -1.750000   data required time
---------------------------------------------------------------------------------------------
                                             -1.750000   data required time
                                             -3.425501   data arrival time
---------------------------------------------------------------------------------------------
                                              5.175500   slack (MET)


Startpoint: carry_in (input port clocked by clk)
Endpoint: result[1] (output port clocked by clk)
Path Group: clk
Path Type: min

Fanout         Cap        Slew       Delay        Time   Description
---------------------------------------------------------------------------------------------
                      0.000000    0.000000    0.000000   clock clk (rise edge)
                                  0.000000    0.000000   clock network delay (ideal)
                                  2.000000    2.000000 v input external delay
     1    0.002540    0.017476    0.008394    2.008394 v carry_in (in)
                                                         carry_in (net)
                      0.017476    0.000000    2.008394 v input5/A (sky130_fd_sc_hd__clkbuf_2)
     4    0.021686    0.158753    0.251300    2.259693 v input5/X (sky130_fd_sc_hd__clkbuf_2)
                                                         net5 (net)
                      0.158757    0.001009    2.260702 v _109_/A1 (sky130_fd_sc_hd__a21oi_1)
     1    0.002800    0.150122    0.238411    2.499113 ^ _109_/Y (sky130_fd_sc_hd__a21oi_1)
                                                         _041_ (net)
                      0.150122    0.000014    2.499127 ^ _110_/A2 (sky130_fd_sc_hd__o21ba_1)
     1    0.002204    0.063729    0.240863    2.739990 ^ _110_/X (sky130_fd_sc_hd__o21ba_1)
                                                         _042_ (net)
                      0.063729    0.000021    2.740010 ^ _113_/B (sky130_fd_sc_hd__or3b_1)
     2    0.014559    0.220475    0.284204    3.024214 ^ _113_/X (sky130_fd_sc_hd__or3b_1)
                                                         net16 (net)
                      0.220475    0.000544    3.024758 ^ output16/A (sky130_fd_sc_hd__buf_2)
     1    0.033963    0.270049    0.412703    3.437461 ^ output16/X (sky130_fd_sc_hd__buf_2)
                                                         result[1] (net)
                      0.270049    0.000183    3.437643 ^ result[1] (out)
                                              3.437643   data arrival time

                      0.000000    0.000000    0.000000   clock clk (rise edge)
                                  0.000000    0.000000   clock network delay (ideal)
                                  0.250000    0.250000   clock uncertainty
                                  0.000000    0.250000   clock reconvergence pessimism
                                 -2.000000   -1.750000   output external delay
                                             -1.750000   data required time
---------------------------------------------------------------------------------------------
                                             -1.750000   data required time
                                             -3.437643   data arrival time
---------------------------------------------------------------------------------------------
                                              5.187644   slack (MET)



